<?xml version="1.0" encoding="UTF-8"?>
<testsuite xmlns:xsi="http://www.w3.org/2001/XMLSchema-instance" xsi:noNamespaceSchemaLocation="https://maven.apache.org/surefire/maven-surefire-plugin/xsd/surefire-test-report.xsd" name="TestSuite" time="588.614" tests="20" errors="0" skipped="0" failures="0">
  <properties>
[...]
</properties>
  <testcase name="searchWaitingListPatient" classname="com.trc.qa.testcases.PPArchivedPatientsListTest" time="2.058"/>
  <testcase name="Changeprofilepage" classname="com.trc.qa.testcases.PPMyProfileTest" time="5.884"/>
  <testcase name="AvaliablityAdd" classname="com.trc.qa.testcases.PPPhysicianMyavailabiltyTest" time="4.733"/>
  <testcase name="search" classname="com.trc.qa.testcases.PPReferralPatientsTest" time="2.093"/>
  <testcase name="UpcomingPatient" classname="com.trc.qa.testcases.PPUpcomingPatientTest" time="1.603"/>
  <testcase name="searchWaitingListPatient" classname="com.trc.qa.testcases.PPWaitingListPatientTest" time="4.078"/>
  <testcase name="createnewPatient" classname="com.trc.qa.testcases.PPhysicainPatientTest" time="47.862"/>
  <testcase name="Editprofilepage" classname="com.trc.qa.testcases.PPMyProfileTest" time="5.795"/>
  <testcase name="downloadpdf" classname="com.trc.qa.testcases.PPReferralPatientsTest" time="10.067"/>
  <testcase name="textCheck" classname="com.trc.qa.testcases.PPhysicainPatientTest" time="1.622"/>
  <testcase name="delete" classname="com.trc.qa.testcases.PPPhysicianMyavailabiltyTest" time="4.655"/>
  <testcase name="deleten" classname="com.trc.qa.testcases.PPPhysicianMyavailabiltyTest" time="4.924"/>
  <testcase name="selectBootstrapdropdown" classname="com.trc.qa.testcases.PPReferralPatientsTest" time="18.372"/>
  <testcase name="Downloadpdf" classname="com.trc.qa.testcases.PPhysicainPatientTest" time="10.066"/>
  <testcase name="delete1" classname="com.trc.qa.testcases.PPPhysicianMyavailabiltyTest" time="4.358"/>
  <testcase name="searchpatient" classname="com.trc.qa.testcases.PPhysicainPatientTest" time="2.21"/>
  <testcase name="delete2" classname="com.trc.qa.testcases.PPPhysicianMyavailabiltyTest" time="4.453"/>
  <testcase name="searchpatientwithemail" classname="com.trc.qa.testcases.PPhysicainPatientTest" time="5.373"/>
  <testcase name="delete3" classname="com.trc.qa.testcases.PPPhysicianMyavailabiltyTest" time="4.536"/>
  <testcase name="searchpatientwithname" classname="com.trc.qa.testcases.PPhysicainPatientTest" time="5.402"/>
</testsuite>